<!DOCTYPE HTML PUBLIC "-//W3C//DTD HTML 4.01 Transitional//EN" "http://www.w3.org/TR/html4/loose.dtd">
<HTML
><HEAD
><TITLE
>Quick Start</TITLE
><META
NAME="GENERATOR"
CONTENT="Modular DocBook HTML Stylesheet Version 1.79"><LINK
REV="MADE"
HREF="mailto:pgsql-docs@postgresql.org"><LINK
REL="HOME"
TITLE="Agens SQL 1.0 문서"
HREF="index.html"><LINK
REL="UP"
TITLE="pg_hint_plan"
HREF="pghintplan.html"><LINK
REL="PREVIOUS"
TITLE="설정"
HREF="pg-hint-plan-setting.html"><LINK
REL="NEXT"
TITLE="힌트 목록"
HREF="pg-hint-plan-hint-list.html"><LINK
REL="STYLESHEET"
TYPE="text/css"
HREF="stylesheet.css"><META
HTTP-EQUIV="Content-Type"
CONTENT="text/html; charset=UTF-8"><META
name="viewport"
content="user-scalable=no, initial-scale=1.0, maximum-scale=1.0, minimum-scale=1.0, width=device-width"><META
NAME="creation"
CONTENT="2015-06-29T00:19:12"></HEAD
><BODY
CLASS="SECT1"
><DIV
CLASS="NAVHEADER"
><TABLE
SUMMARY="Header navigation table"
WIDTH="100%"
BORDER="0"
CELLPADDING="0"
CELLSPACING="0"
><TR
><TH
COLSPAN="4"
ALIGN="center"
VALIGN="bottom"
><A
HREF="index.html"
>Agens SQL 1.0 문서</A
></TH
></TR
><TR
><TD
WIDTH="10%"
ALIGN="left"
VALIGN="top"
><A
TITLE="설정"
HREF="pg-hint-plan-setting.html"
ACCESSKEY="P"
>이전</A
></TD
><TD
WIDTH="10%"
ALIGN="left"
VALIGN="top"
><A
HREF="pghintplan.html"
ACCESSKEY="U"
>위로</A
></TD
><TD
WIDTH="60%"
ALIGN="center"
VALIGN="bottom"
>장 7. pg_hint_plan</TD
><TD
WIDTH="20%"
ALIGN="right"
VALIGN="top"
><A
TITLE="힌트 목록"
HREF="pg-hint-plan-hint-list.html"
ACCESSKEY="N"
>다음</A
></TD
></TR
></TABLE
><HR
ALIGN="LEFT"
WIDTH="100%"></DIV
><DIV
CLASS="SECT1"
><H1
CLASS="SECT1"
><A
NAME="PG-HINT-PLAN-QUICKSTART"
>7.2. Quick Start</A
></H1
><DIV
CLASS="SECT2"
><H2
CLASS="SECT2"
><A
NAME="PG-HINT-PLAN-START"
>7.2.1. pg_hint_plan 기본 사용법</A
></H2
><P
>                <SPAN
CLASS="PRODUCTNAME"
>pg_hint_plan</SPAN
>을 성공적으로 설치 &#38; 설정 되었다면 <A
HREF="pg-hint-plan-quickstart.html#PG-HINT-PLAN-ACTIVITY-RESULT"
>예 7-1</A
>과 같이 테스트를 하였을 때 질의문에 작성된 힌트로 실행 계획이 동작되는 것을 확인 할 수 있다. 만약 정상적으로 설치 되어 있지 않다면 <A
HREF="pg-hint-plan-quickstart.html#PG-HINT-PLAN-NONACTIVITY-RESULT"
>예 7-2</A
>와 같이 CBO로 동작하는 것을 볼 수 있다.
            </P
><DIV
CLASS="EXAMPLE"
><A
NAME="PG-HINT-PLAN-ACTIVITY-RESULT"
></A
><P
><B
>예 7-1. 정상적으로 활성화 되었을 때의 결과</B
></P
><PRE
CLASS="PROGRAMLISTING"
>agens=# /*+ hashjoin(a b) seqscan(a) */ explain select * from pgbench_branches b join pgbench_accounts a on b.bid = a.bid order by a.aid;
                    <SAMP
CLASS="COMPUTEROUTPUT"
>&#13;                                         QUERY PLAN                    
------------------------------------------------------------------------------------------------------------------------------------------------------------------------
 Sort  (cost=33173.84..33423.84 rows=100000 width=461)
   Sort Key: a.aid
   -&#62;  Hash Join  (cost=1.02..4016.02 rows=100000 width=461)
         Hash Cond: (a.bid = b.bid)
         -&#62;  Seq Scan on pgbench_accounts a  (cost=0.00..2640.00 rows=100000 width=97)
         -&#62;  Hash  (cost=1.01..1.01 rows=1 width=364)
               -&#62;  Seq Scan on pgbench_branches b  (cost=0.00..1.01 rows=1 width=364)
(7 rows)
                    </SAMP
>
                </PRE
></DIV
><DIV
CLASS="EXAMPLE"
><A
NAME="PG-HINT-PLAN-NONACTIVITY-RESULT"
></A
><P
><B
>예 7-2. 정상적으로 활성화 되지 않았을 때의 결과</B
></P
><PRE
CLASS="PROGRAMLISTING"
>agens=# /*+ hashjoin(a b) seqscan(a) */ explain select * from pgbench_branches b join pgbench_accounts a on b.bid = a.bid order by a.aid;
                    <SAMP
CLASS="COMPUTEROUTPUT"
>&#13;                                         QUERY PLAN                    
------------------------------------------------------------------------------------------------------------------------------------------------------------------------
 Nested Loop  (cost=0.29..5748.31 rows=100000 width=461)
   Join Filter: (b.bid = a.bid)
   -&#62;  Index Scan using pgbench_accounts_pkey on pgbench_accounts a  (cost=0.29..4247.29 rows=100000 width=97)
   -&#62;  Materialize  (cost=0.00..1.01 rows=1 width=364)
         -&#62;  Seq Scan on pgbench_branches b  (cost=0.00..1.01 rows=1 width=364)
(5 rows)
                    </SAMP
>
                </PRE
></DIV
></DIV
></DIV
><DIV
CLASS="NAVFOOTER"
><HR
ALIGN="LEFT"
WIDTH="100%"><TABLE
SUMMARY="Footer navigation table"
WIDTH="100%"
BORDER="0"
CELLPADDING="0"
CELLSPACING="0"
><TR
><TD
WIDTH="33%"
ALIGN="left"
VALIGN="top"
><A
HREF="pg-hint-plan-setting.html"
ACCESSKEY="P"
>이전</A
></TD
><TD
WIDTH="34%"
ALIGN="center"
VALIGN="top"
><A
HREF="index.html"
ACCESSKEY="H"
>처음으로</A
></TD
><TD
WIDTH="33%"
ALIGN="right"
VALIGN="top"
><A
HREF="pg-hint-plan-hint-list.html"
ACCESSKEY="N"
>다음</A
></TD
></TR
><TR
><TD
WIDTH="33%"
ALIGN="left"
VALIGN="top"
>설정</TD
><TD
WIDTH="34%"
ALIGN="center"
VALIGN="top"
><A
HREF="pghintplan.html"
ACCESSKEY="U"
>위로</A
></TD
><TD
WIDTH="33%"
ALIGN="right"
VALIGN="top"
>힌트 목록</TD
></TR
></TABLE
></DIV
></BODY
></HTML
>